<?xml version="1.0" encoding="UTF-8"?>
<!-- Generated by org.testng.reporters.JUnitXMLReporter -->
<testsuite hostname="Minounou" ignored="0" name="Test" tests="11" failures="0" timestamp="2020-07-25T21:31:14 CEST" time="122.198" errors="0">
  <testcase name="testConnexion" time="6.315" classname="formation_CAIt.selenium_webdriver.Connexion"/>
  <testcase name="testAdduserAdmin" time="36.087" classname="formation_CAIt.selenium_webdriver.user.CreerUser"/>
  <testcase name="testAdduserEss" time="18.091" classname="formation_CAIt.selenium_webdriver.user.CreerUser"/>
  <testcase name="testModifierUser" time="9.159" classname="formation_CAIt.selenium_webdriver.user.ModifierUser"/>
  <testcase name="testSupprimerUser" time="5.175" classname="formation_CAIt.selenium_webdriver.user.SupprimerUser"/>
  <testcase name="testJobTitle" time="10.513" classname="formation_CAIt.selenium_webdriver.jobtitle.CreerJobTitle"/>
  <testcase name="testModifierTitle" time="4.137" classname="formation_CAIt.selenium_webdriver.jobtitle.ModifierJobTitle"/>
  <testcase name="testSupprimerJt" time="3.944" classname="formation_CAIt.selenium_webdriver.jobtitle.SupprimerJobTitle"/>
  <testcase name="testAjouterPaygrade" time="16.308" classname="formation_CAIt.selenium_webdriver.paygrade.CreerPayGrade"/>
  <testcase name="testModifierPayGrade" time="4.158" classname="formation_CAIt.selenium_webdriver.paygrade.ModifierPayGrade"/>
  <testcase name="testSupprimerPayGrade" time="4.542" classname="formation_CAIt.selenium_webdriver.paygrade.SupprimerPayGrade"/>
</testsuite> <!-- Test -->
