<?xml version="1.0" encoding="UTF-8"?>
<!-- Generated by org.testng.reporters.JUnitXMLReporter -->
<testsuite hostname="Minounou" ignored="0" name="Test" tests="12" failures="0" timestamp="2020-07-27T13:35:08 CEST" time="129.444" errors="0">
  <testcase name="testConnexion" time="5.809" classname="formation_CAIt.selenium_webdriver.Connexion"/>
  <testcase name="testAdduserAdmin" time="35.107" classname="formation_CAIt.selenium_webdriver.user.CreerUser"/>
  <testcase name="testAdduserEss" time="18.022" classname="formation_CAIt.selenium_webdriver.user.CreerUser"/>
  <testcase name="testModifierUser" time="9.609" classname="formation_CAIt.selenium_webdriver.user.ModifierUser"/>
  <testcase name="testSupprimerUser" time="6.334" classname="formation_CAIt.selenium_webdriver.user.SupprimerUser"/>
  <testcase name="testJobTitle" time="9.603" classname="formation_CAIt.selenium_webdriver.jobtitle.CreerJobTitle"/>
  <testcase name="testModifierTitle" time="4.39" classname="formation_CAIt.selenium_webdriver.jobtitle.ModifierJobTitle"/>
  <testcase name="testSupprimerJt" time="4.219" classname="formation_CAIt.selenium_webdriver.jobtitle.SupprimerJobTitle"/>
  <testcase name="testAjouterPaygrade" time="17.542" classname="formation_CAIt.selenium_webdriver.paygrade.CreerPayGrade"/>
  <testcase name="testModifierPayGrade" time="4.557" classname="formation_CAIt.selenium_webdriver.paygrade.ModifierPayGrade"/>
  <testcase name="testSupprimerPayGrade" time="5.74" classname="formation_CAIt.selenium_webdriver.paygrade.SupprimerPayGrade"/>
  <testcase name="testDOnnexionclose" time="4.874" classname="formation_CAIt.selenium_webdriver.Deconnexionclose"/>
</testsuite> <!-- Test -->
