<?xml version="1.0" encoding="UTF-8"?>
<!-- Generated by org.testng.reporters.JUnitXMLReporter -->
<testsuite hostname="Minounou" ignored="0" name="Test" tests="11" failures="0" timestamp="2020-07-26T02:29:04 CEST" time="118.287" errors="0">
  <testcase name="testConnexion" time="7.676" classname="formation_CAIt.selenium_webdriver.Connexion"/>
  <testcase name="testAdduserAdmin" time="33.682" classname="formation_CAIt.selenium_webdriver.user.CreerUser"/>
  <testcase name="testAdduserEss" time="17.407" classname="formation_CAIt.selenium_webdriver.user.CreerUser"/>
  <testcase name="testModifierUser" time="9.091" classname="formation_CAIt.selenium_webdriver.user.ModifierUser"/>
  <testcase name="testSupprimerUser" time="5.823" classname="formation_CAIt.selenium_webdriver.user.SupprimerUser"/>
  <testcase name="testJobTitle" time="8.971" classname="formation_CAIt.selenium_webdriver.jobtitle.CreerJobTitle"/>
  <testcase name="testModifierTitle" time="3.859" classname="formation_CAIt.selenium_webdriver.jobtitle.ModifierJobTitle"/>
  <testcase name="testSupprimerJt" time="3.606" classname="formation_CAIt.selenium_webdriver.jobtitle.SupprimerJobTitle"/>
  <testcase name="testAjouterPaygrade" time="15.541" classname="formation_CAIt.selenium_webdriver.paygrade.CreerPayGrade"/>
  <testcase name="testModifierPayGrade" time="4.158" classname="formation_CAIt.selenium_webdriver.paygrade.ModifierPayGrade"/>
  <testcase name="testSupprimerPayGrade" time="4.436" classname="formation_CAIt.selenium_webdriver.paygrade.SupprimerPayGrade"/>
</testsuite> <!-- Test -->
