<?xml version="1.0" encoding="UTF-8"?>
<testng-results skipped="0" failed="0" ignored="0" total="1" passed="1">
  <reporter-output>
  </reporter-output>
  <suite name="Surefire suite" duration-ms="63" started-at="2020-07-24T00:32:46 CEST" finished-at="2020-07-24T00:32:46 CEST">
    <groups>
    </groups>
    <test name="Surefire test" duration-ms="63" started-at="2020-07-24T00:32:46 CEST" finished-at="2020-07-24T00:32:46 CEST">
      <class name="formation_CAIt.selenium_webdriver.AppTest">
        <test-method status="PASS" signature="shouldAnswerWithTrue()" name="shouldAnswerWithTrue" duration-ms="8" started-at="2020-07-24T00:32:46 CEST" finished-at="2020-07-24T00:32:46 CEST">
          <reporter-output>
          </reporter-output>
        </test-method> <!-- shouldAnswerWithTrue -->
      </class> <!-- formation_CAIt.selenium_webdriver.AppTest -->
    </test> <!-- Surefire test -->
  </suite> <!-- Surefire suite -->
</testng-results>
