<?xml version="1.0" encoding="UTF-8"?>
<testng-results skipped="0" failed="0" ignored="0" total="12" passed="12">
  <reporter-output>
  </reporter-output>
  <suite name="Suite" duration-ms="129444" started-at="2020-07-27T13:32:58 CEST" finished-at="2020-07-27T13:35:08 CEST">
    <groups>
    </groups>
    <test name="Test" duration-ms="129444" started-at="2020-07-27T13:32:58 CEST" finished-at="2020-07-27T13:35:08 CEST">
      <class name="formation_CAIt.selenium_webdriver.paygrade.SupprimerPayGrade">
        <test-method status="PASS" signature="setUp()[pri:0, instance:formation_CAIt.selenium_webdriver.paygrade.SupprimerPayGrade@1d29cf23]" name="setUp" is-config="true" duration-ms="0" started-at="2020-07-27T13:34:57 CEST" finished-at="2020-07-27T13:34:57 CEST">
          <reporter-output>
          </reporter-output>
        </test-method> <!-- setUp -->
        <test-method status="PASS" signature="testSupprimerPayGrade()[pri:0, instance:formation_CAIt.selenium_webdriver.paygrade.SupprimerPayGrade@1d29cf23]" name="testSupprimerPayGrade" duration-ms="5740" started-at="2020-07-27T13:34:57 CEST" finished-at="2020-07-27T13:35:03 CEST">
          <reporter-output>
          </reporter-output>
        </test-method> <!-- testSupprimerPayGrade -->
      </class> <!-- formation_CAIt.selenium_webdriver.paygrade.SupprimerPayGrade -->
      <class name="formation_CAIt.selenium_webdriver.jobtitle.CreerJobTitle">
        <test-method status="PASS" signature="setUp()[pri:0, instance:formation_CAIt.selenium_webdriver.jobtitle.CreerJobTitle@1f7030a6]" name="setUp" is-config="true" duration-ms="0" started-at="2020-07-27T13:34:17 CEST" finished-at="2020-07-27T13:34:17 CEST">
          <reporter-output>
          </reporter-output>
        </test-method> <!-- setUp -->
        <test-method status="PASS" signature="testJobTitle()[pri:0, instance:formation_CAIt.selenium_webdriver.jobtitle.CreerJobTitle@1f7030a6]" name="testJobTitle" duration-ms="9603" started-at="2020-07-27T13:34:17 CEST" finished-at="2020-07-27T13:34:26 CEST">
          <reporter-output>
          </reporter-output>
        </test-method> <!-- testJobTitle -->
      </class> <!-- formation_CAIt.selenium_webdriver.jobtitle.CreerJobTitle -->
      <class name="formation_CAIt.selenium_webdriver.jobtitle.SupprimerJobTitle">
        <test-method status="PASS" signature="setUp()[pri:0, instance:formation_CAIt.selenium_webdriver.jobtitle.SupprimerJobTitle@396f6598]" name="setUp" is-config="true" duration-ms="1" started-at="2020-07-27T13:34:31 CEST" finished-at="2020-07-27T13:34:31 CEST">
          <reporter-output>
          </reporter-output>
        </test-method> <!-- setUp -->
        <test-method status="PASS" signature="testSupprimerJt()[pri:0, instance:formation_CAIt.selenium_webdriver.jobtitle.SupprimerJobTitle@396f6598]" name="testSupprimerJt" duration-ms="4219" started-at="2020-07-27T13:34:31 CEST" finished-at="2020-07-27T13:34:35 CEST">
          <reporter-output>
          </reporter-output>
        </test-method> <!-- testSupprimerJt -->
      </class> <!-- formation_CAIt.selenium_webdriver.jobtitle.SupprimerJobTitle -->
      <class name="formation_CAIt.selenium_webdriver.user.ModifierUser">
        <test-method status="PASS" signature="setUp()[pri:0, instance:formation_CAIt.selenium_webdriver.user.ModifierUser@184f6be2]" name="setUp" is-config="true" duration-ms="0" started-at="2020-07-27T13:34:01 CEST" finished-at="2020-07-27T13:34:01 CEST">
          <reporter-output>
          </reporter-output>
        </test-method> <!-- setUp -->
        <test-method status="PASS" signature="testModifierUser()[pri:0, instance:formation_CAIt.selenium_webdriver.user.ModifierUser@184f6be2]" name="testModifierUser" duration-ms="9609" started-at="2020-07-27T13:34:01 CEST" finished-at="2020-07-27T13:34:10 CEST">
          <reporter-output>
          </reporter-output>
        </test-method> <!-- testModifierUser -->
      </class> <!-- formation_CAIt.selenium_webdriver.user.ModifierUser -->
      <class name="formation_CAIt.selenium_webdriver.paygrade.ModifierPayGrade">
        <test-method status="PASS" signature="setUp()[pri:0, instance:formation_CAIt.selenium_webdriver.paygrade.ModifierPayGrade@27a5f880]" name="setUp" is-config="true" duration-ms="0" started-at="2020-07-27T13:34:52 CEST" finished-at="2020-07-27T13:34:52 CEST">
          <reporter-output>
          </reporter-output>
        </test-method> <!-- setUp -->
        <test-method status="PASS" signature="testModifierPayGrade()[pri:0, instance:formation_CAIt.selenium_webdriver.paygrade.ModifierPayGrade@27a5f880]" name="testModifierPayGrade" duration-ms="4557" started-at="2020-07-27T13:34:52 CEST" finished-at="2020-07-27T13:34:57 CEST">
          <reporter-output>
          </reporter-output>
        </test-method> <!-- testModifierPayGrade -->
      </class> <!-- formation_CAIt.selenium_webdriver.paygrade.ModifierPayGrade -->
      <class name="formation_CAIt.selenium_webdriver.user.SupprimerUser">
        <test-method status="PASS" signature="setUp()[pri:0, instance:formation_CAIt.selenium_webdriver.user.SupprimerUser@56aac163]" name="setUp" is-config="true" duration-ms="0" started-at="2020-07-27T13:34:10 CEST" finished-at="2020-07-27T13:34:10 CEST">
          <reporter-output>
          </reporter-output>
        </test-method> <!-- setUp -->
        <test-method status="PASS" signature="testSupprimerUser()[pri:0, instance:formation_CAIt.selenium_webdriver.user.SupprimerUser@56aac163]" name="testSupprimerUser" duration-ms="6334" started-at="2020-07-27T13:34:10 CEST" finished-at="2020-07-27T13:34:17 CEST">
          <reporter-output>
          </reporter-output>
        </test-method> <!-- testSupprimerUser -->
      </class> <!-- formation_CAIt.selenium_webdriver.user.SupprimerUser -->
      <class name="formation_CAIt.selenium_webdriver.jobtitle.ModifierJobTitle">
        <test-method status="PASS" signature="testModifierTitle()[pri:0, instance:formation_CAIt.selenium_webdriver.jobtitle.ModifierJobTitle@5a1c0542]" name="testModifierTitle" duration-ms="4390" started-at="2020-07-27T13:34:26 CEST" finished-at="2020-07-27T13:34:31 CEST">
          <reporter-output>
          </reporter-output>
        </test-method> <!-- testModifierTitle -->
        <test-method status="PASS" signature="setUp()[pri:0, instance:formation_CAIt.selenium_webdriver.jobtitle.ModifierJobTitle@5a1c0542]" name="setUp" is-config="true" duration-ms="0" started-at="2020-07-27T13:34:26 CEST" finished-at="2020-07-27T13:34:26 CEST">
          <reporter-output>
          </reporter-output>
        </test-method> <!-- setUp -->
      </class> <!-- formation_CAIt.selenium_webdriver.jobtitle.ModifierJobTitle -->
      <class name="formation_CAIt.selenium_webdriver.Connexion">
        <test-method status="PASS" signature="setUp()[pri:0, instance:formation_CAIt.selenium_webdriver.Connexion@48503868]" name="setUp" is-config="true" duration-ms="3549" started-at="2020-07-27T13:32:58 CEST" finished-at="2020-07-27T13:33:02 CEST">
          <reporter-output>
          </reporter-output>
        </test-method> <!-- setUp -->
        <test-method status="PASS" signature="testConnexion()[pri:0, instance:formation_CAIt.selenium_webdriver.Connexion@48503868]" name="testConnexion" duration-ms="5809" started-at="2020-07-27T13:33:02 CEST" finished-at="2020-07-27T13:33:08 CEST">
          <reporter-output>
          </reporter-output>
        </test-method> <!-- testConnexion -->
      </class> <!-- formation_CAIt.selenium_webdriver.Connexion -->
      <class name="formation_CAIt.selenium_webdriver.user.CreerUser">
        <test-method status="PASS" signature="testAdduserAdmin()[pri:0, instance:formation_CAIt.selenium_webdriver.user.CreerUser@6895a785]" name="testAdduserAdmin" duration-ms="35107" started-at="2020-07-27T13:33:08 CEST" finished-at="2020-07-27T13:33:43 CEST">
          <reporter-output>
          </reporter-output>
        </test-method> <!-- testAdduserAdmin -->
        <test-method status="PASS" signature="setUp()[pri:0, instance:formation_CAIt.selenium_webdriver.user.CreerUser@6895a785]" name="setUp" is-config="true" duration-ms="0" started-at="2020-07-27T13:33:08 CEST" finished-at="2020-07-27T13:33:08 CEST">
          <reporter-output>
          </reporter-output>
        </test-method> <!-- setUp -->
        <test-method status="PASS" signature="testAdduserEss()[pri:0, instance:formation_CAIt.selenium_webdriver.user.CreerUser@6895a785]" name="testAdduserEss" duration-ms="18022" started-at="2020-07-27T13:33:43 CEST" finished-at="2020-07-27T13:34:01 CEST">
          <reporter-output>
          </reporter-output>
        </test-method> <!-- testAdduserEss -->
      </class> <!-- formation_CAIt.selenium_webdriver.user.CreerUser -->
      <class name="formation_CAIt.selenium_webdriver.paygrade.CreerPayGrade">
        <test-method status="PASS" signature="setUp()[pri:0, instance:formation_CAIt.selenium_webdriver.paygrade.CreerPayGrade@394e1a0f]" name="setUp" is-config="true" duration-ms="0" started-at="2020-07-27T13:34:35 CEST" finished-at="2020-07-27T13:34:35 CEST">
          <reporter-output>
          </reporter-output>
        </test-method> <!-- setUp -->
        <test-method status="PASS" signature="testAjouterPaygrade()[pri:0, instance:formation_CAIt.selenium_webdriver.paygrade.CreerPayGrade@394e1a0f]" name="testAjouterPaygrade" duration-ms="17542" started-at="2020-07-27T13:34:35 CEST" finished-at="2020-07-27T13:34:52 CEST">
          <reporter-output>
          </reporter-output>
        </test-method> <!-- testAjouterPaygrade -->
      </class> <!-- formation_CAIt.selenium_webdriver.paygrade.CreerPayGrade -->
      <class name="formation_CAIt.selenium_webdriver.Deconnexionclose">
        <test-method status="PASS" signature="setUp()[pri:0, instance:formation_CAIt.selenium_webdriver.Deconnexionclose@5f282abb]" name="setUp" is-config="true" duration-ms="1" started-at="2020-07-27T13:35:03 CEST" finished-at="2020-07-27T13:35:03 CEST">
          <reporter-output>
          </reporter-output>
        </test-method> <!-- setUp -->
        <test-method status="PASS" signature="testDOnnexionclose()[pri:0, instance:formation_CAIt.selenium_webdriver.Deconnexionclose@5f282abb]" name="testDOnnexionclose" duration-ms="4874" started-at="2020-07-27T13:35:03 CEST" finished-at="2020-07-27T13:35:08 CEST">
          <reporter-output>
          </reporter-output>
        </test-method> <!-- testDOnnexionclose -->
      </class> <!-- formation_CAIt.selenium_webdriver.Deconnexionclose -->
    </test> <!-- Test -->
  </suite> <!-- Suite -->
</testng-results>
